0 info it worked if it ends with ok
1 verbose cli [ '/Users/jenyee/.nvm/versions/node/v6.17.1/bin/node',
1 verbose cli   '/Users/jenyee/.nvm/versions/node/v6.17.1/bin/npm',
1 verbose cli   'run',
1 verbose cli   'test' ]
2 info using npm@3.10.10
3 info using node@v6.17.1
4 verbose run-script [ 'pretest', 'test', 'posttest' ]
5 info lifecycle babel_testing@1.0.0~pretest: babel_testing@1.0.0
6 silly lifecycle babel_testing@1.0.0~pretest: no script for pretest, continuing
7 info lifecycle babel_testing@1.0.0~test: babel_testing@1.0.0
8 verbose lifecycle babel_testing@1.0.0~test: unsafe-perm in lifecycle true
9 verbose lifecycle babel_testing@1.0.0~test: PATH: /Users/jenyee/.nvm/versions/node/v6.17.1/lib/node_modules/npm/bin/node-gyp-bin:/Users/jenyee/js_modules_pluralsight/node_modules/.bin:/Users/jenyee/.nvm/versions/node/v6.17.1/bin:/Users/jenyee/.pyenv/shims:/usr/local/opt/postgresql@11/bin:/usr/local/bin:/usr/bin:/bin:/usr/sbin:/sbin
10 verbose lifecycle babel_testing@1.0.0~test: CWD: /Users/jenyee/js_modules_pluralsight
11 silly lifecycle babel_testing@1.0.0~test: Args: [ '-c', 'mocha --require @babel/register' ]
12 silly lifecycle babel_testing@1.0.0~test: Returned: code: 1  signal: null
13 info lifecycle babel_testing@1.0.0~test: Failed to exec test script
14 verbose stack Error: babel_testing@1.0.0 test: `mocha --require @babel/register`
14 verbose stack Exit status 1
14 verbose stack     at EventEmitter.<anonymous> (/Users/jenyee/.nvm/versions/node/v6.17.1/lib/node_modules/npm/lib/utils/lifecycle.js:255:16)
14 verbose stack     at emitTwo (events.js:106:13)
14 verbose stack     at EventEmitter.emit (events.js:191:7)
14 verbose stack     at ChildProcess.<anonymous> (/Users/jenyee/.nvm/versions/node/v6.17.1/lib/node_modules/npm/lib/utils/spawn.js:40:14)
14 verbose stack     at emitTwo (events.js:106:13)
14 verbose stack     at ChildProcess.emit (events.js:191:7)
14 verbose stack     at maybeClose (internal/child_process.js:920:16)
14 verbose stack     at Process.ChildProcess._handle.onexit (internal/child_process.js:230:5)
15 verbose pkgid babel_testing@1.0.0
16 verbose cwd /Users/jenyee/js_modules_pluralsight
17 error Darwin 19.3.0
18 error argv "/Users/jenyee/.nvm/versions/node/v6.17.1/bin/node" "/Users/jenyee/.nvm/versions/node/v6.17.1/bin/npm" "run" "test"
19 error node v6.17.1
20 error npm  v3.10.10
21 error code ELIFECYCLE
22 error babel_testing@1.0.0 test: `mocha --require @babel/register`
22 error Exit status 1
23 error Failed at the babel_testing@1.0.0 test script 'mocha --require @babel/register'.
23 error Make sure you have the latest version of node.js and npm installed.
23 error If you do, this is most likely a problem with the babel_testing package,
23 error not with npm itself.
23 error Tell the author that this fails on your system:
23 error     mocha --require @babel/register
23 error You can get information on how to open an issue for this project with:
23 error     npm bugs babel_testing
23 error Or if that isn't available, you can get their info via:
23 error     npm owner ls babel_testing
23 error There is likely additional logging output above.
24 verbose exit [ 1, true ]
